STRP
VERSION 1.0
Standard axis orientation,  X fwd, Z down         
  7.148432731628418E+00  7.148432731628418E-01  1.000000000000000E+01      | Sref, Cref, Bref
  0.000000000000000E+00  0.000000000000000E+00  0.000000000000000E+00      | Xref, Yref, Zref
Surface and Strip Forces by surface (referred to Sref,Cref,Bref about Xref,Yref,Zref)
     2      | surfaces
SURFACE
mainWing                                
   1   20   20    1    | Surface #, # Chordwise, # Spanwise, First strip
  3.574216365814209E+00  7.148432731628417E-01   | Surface area Ssurf, Ave. chord Cave
  2.316937771302060E-01 -4.907024499073467E-02 -1.267317389358386E-03 -8.011948503609498E-02  2.476677613675398E-03 -3.641786756370600E-03  2.476677613675398E-03  0.000000000000000E+00   | CLsurf, Clsurf, CYsurf, Cmsurf, CDsurf, Cnsurf, CDisurf, CDvsurf; Forces referred to Sref, Cref, Bref about Xref, Yref, Zref
  4.633875542604120E-01  4.953355227350797E-03   | CL_srf CD_srf; Forces referred to Ssurf, Cave
Strip Forces referred to Strip Area, Chord
j, Xle, Yle, Zle, Chord, Area, c_cl, ai, cl_norm, cl, cd, cdv, cm_c/4, cm_LE, C.P.x/c
   1  2.197607556355772E-04  7.706665666739609E-03  0.000000000000000E+00  9.991209569774577E-01  3.075209231466190E-02  4.392487636658666E-01  2.992276015549787E-02  4.406235485066281E-01  4.406235477502651E-01  7.898272624224299E-03  0.000000000000000E+00  1.331677467242959E-03 -1.085330105236136E-01  2.469777433048183E-01
   2  1.969725765300091E-03  6.907519900187814E-02  0.000000000000000E+00  9.921210969387997E-01  9.085801426328405E-02  4.388868321874426E-01  2.854386985416230E-02  4.434690853856092E-01  4.434690846243616E-01  6.777399811122665E-03  0.000000000000000E+00  1.382662681934693E-03 -1.091660225575428E-01  2.468821666946505E-01
   3  5.426565838292736E-03  1.903011687110448E-01  0.000000000000000E+00  9.782937366468291E-01  1.468663279012310E-01  4.374284415696273E-01  2.709593249437321E-02  4.482959737569704E-01  4.482959729874371E-01  6.241465593216623E-03  0.000000000000000E+00  1.393858846472509E-03 -1.103447999454418E-01  2.468907620624297E-01
   4  1.050516209942684E-02  3.683995890942432E-01  0.000000000000000E+00  9.579793516022926E-01  1.963606915114574E-01  4.341528619864098E-01  2.558749943702852E-02  4.544146582996900E-01  4.544146575196535E-01  5.863056192466756E-03  0.000000000000000E+00  1.339906162428216E-03 -1.119137200149336E-01  2.470513579607184E-01
   5  1.708046265386578E-02  5.989850859671200E-01  0.000000000000000E+00  9.316781493845370E-01  2.373687970544945E-01  4.284613169082915E-01  2.402004044452756E-02  4.611538388357049E-01  4.611538380441002E-01  5.533162323322495E-03  0.000000000000000E+00  1.220363868013860E-03 -1.137037306300911E-01  2.473536729669435E-01
   6  2.499056177979704E-02  8.763798791275990E-01  0.000000000000000E+00  9.000377528808118E-01  2.684847018269934E-01  4.199630818936709E-01  2.242368170424402E-02  4.679319868904307E-01  4.679319860871907E-01  5.217211172775696E-03  0.000000000000000E+00  1.067897913736091E-03 -1.155366560665681E-01  2.477178351865497E-01
   7  3.404068658463744E-02  1.193753588147922E+00  0.000000000000000E+00  8.638372536614501E-01  2.889422289856738E-01  4.085302978617235E-01  2.086455745836053E-02  4.743019554184801E-01  4.743019546043056E-01  4.910547294752612E-03  0.000000000000000E+00  9.193849324389703E-04 -1.172642171494059E-01  2.480616041668941E-01
   8  4.400799296006229E-02  1.543291419009502E+00  0.000000000000000E+00  8.239680281597508E-01  2.986338333640077E-01  3.942827835125041E-01  1.942388005392428E-02  4.799405622947003E-01  4.799405614708467E-01  4.622159894582076E-03  0.000000000000000E+00  7.974598136676161E-04 -1.187835285962696E-01  2.483384196342487E-01
   9  5.464705274352931E-02  1.916386590267467E+00  0.000000000000000E+00  7.814117890258827E-01  2.980744680426045E-01  3.775225511507452E-01  1.818165658006224E-02  4.845922207194359E-01  4.845922198875974E-01  4.367057739417590E-03  0.000000000000000E+00  7.120973773359074E-04 -1.200213188428347E-01  2.485305224720672E-01
  10  6.569589697416943E-02  2.303852260574087E+00  0.000000000000000E+00  7.372164121033222E-01  2.883151376064620E-01  3.586559640476298E-01  1.721919067594455E-02  4.879943118884086E-01  4.879943110507302E-01  4.163789841815542E-03  0.000000000000000E+00  6.686731060131634E-04 -1.209072403003091E-01  2.486297522514691E-01
  11  7.688246643802814E-02  2.696147739202122E+00  0.000000000000000E+00  6.924701342478874E-01  2.708154875117936E-01  3.381181652099010E-01  1.663415248916081E-02  4.897904391158074E-01  4.897904382750458E-01  4.035289922647053E-03  0.000000000000000E+00  6.750556466745956E-04 -1.213452029605819E-01  2.486217459674141E-01
  12  8.793131066882535E-02  3.083613409514252E+00  0.000000000000000E+00  6.482747573246985E-01  2.472885054371413E-01  3.162949642253223E-01  1.656351123951904E-02  4.894153775081875E-01  4.894153766680697E-01  4.011606733132340E-03  0.000000000000000E+00  7.483578291992792E-04 -1.211780440987505E-01  2.484709147589639E-01
  13  9.857037045260279E-02  3.456708580783102E+00  0.000000000000000E+00  6.057185181895888E-01  2.195328421143307E-01  2.934280992903269E-01  1.721491133657523E-02  4.859186512764392E-01  4.859186504423238E-01  4.132998172605588E-03  0.000000000000000E+00  9.249401762975487E-04 -1.201336762344625E-01  2.480965122959253E-01
  14  1.085376768284837E-01  3.806246411660675E+00  0.000000000000000E+00  5.658492926860652E-01  1.892691652445821E-01  2.694832290793857E-01  1.890674123281085E-02  4.776754607215555E-01  4.776754599015901E-01  4.449820091434499E-03  0.000000000000000E+00  1.279235330250501E-03 -1.177343039337865E-01  2.473219571913658E-01
  15  1.175878016339145E-01  4.123620120701704E+00  0.000000000000000E+00  5.296487934643419E-01  1.579962595369459E-01  2.439563944152552E-01  2.210276120079651E-02  4.619215042249020E-01  4.619215034319795E-01  5.008846170810287E-03  0.000000000000000E+00  1.958959917863907E-03 -1.131451234044346E-01  2.457591064643901E-01
  16  1.254979007605560E-01  4.401014913887090E+00  0.000000000000000E+00  4.980083969577759E-01  1.268803547656701E-01  2.156135306977251E-01  2.737083102852212E-02  4.340978398222148E-01  4.340978390770536E-01  5.801466118361819E-03  0.000000000000000E+00  3.233290254282944E-03 -1.049619430593599E-01  2.425517015676528E-01
  17  1.320732013158076E-01  4.631600410788464E+00  0.000000000000000E+00  4.717071947367696E-01  9.668762777411825E-02  1.822732157538070E-01  3.505233412725679E-02  3.873067597698723E-01  3.873067591050315E-01  6.641420282881363E-03  0.000000000000000E+00  5.450982251063656E-03 -9.111492498630949E-02  2.359259304855420E-01
  18  1.371517975778367E-01  4.809698831203050E+00  0.000000000000000E+00  4.513928096886531E-01  6.776533665808002E-02  1.411108089116805E-01  4.440552621010433E-02  3.131926990716429E-01  3.131926985340244E-01  7.011517254435648E-03  0.000000000000000E+00  8.431480327530272E-03 -6.969319008363491E-02  2.230789371304124E-01
  19  1.406086376517847E-01  4.930924800945718E+00  0.000000000000000E+00  4.375654493928613E-01  4.007205166747778E-02  9.029682812945053E-02  5.312527988522273E-02  2.066164630367851E-01  2.066164626821126E-01  6.100044361570986E-03  0.000000000000000E+00  9.771952127859147E-03 -4.180152564423976E-02  2.027048716205462E-01
  20  1.423586026624413E-01  4.992293334315647E+00  0.000000000000000E+00  4.305655893502349E-01  1.325244223319857E-02  3.122500252512906E-02  5.887453771296308E-02  7.254276913601192E-02  7.254276901148687E-02  2.916326329093954E-03  0.000000000000000E+00  4.998845390971935E-03 -1.312604312991239E-02  1.810910589836957E-01
SURFACE
mainWing (YDUP)                         
   2   20   20   21    | Surface #, # Chordwise, # Spanwise, First strip
  3.574216365814209E+00  7.148432731628417E-01   | Surface area Ssurf, Ave. chord Cave
  2.316937771302060E-01  4.907024499073466E-02  1.267317389358386E-03 -8.011948503609496E-02  2.476677613675389E-03  3.641786756370601E-03  2.476677613675389E-03  0.000000000000000E+00   | CLsurf, Clsurf, CYsurf, Cmsurf, CDsurf, Cnsurf, CDisurf, CDvsurf; Forces referred to Sref, Cref, Bref about Xref, Yref, Zref
  4.633875542604120E-01  4.953355227350777E-03   | CL_srf CD_srf; Forces referred to Ssurf, Cave
Strip Forces referred to Strip Area, Chord
j, Xle, Yle, Zle, Chord, Area, c_cl, ai, cl_norm, cl, cd, cdv, cm_c/4, cm_LE, C.P.x/c
  21  2.197607556355772E-04 -7.706665666739609E-03  0.000000000000000E+00  9.991209569774577E-01  3.075209231466190E-02  4.392487636658665E-01  2.992276015549589E-02  4.406235485066281E-01  4.406235477502651E-01  7.898272624223612E-03  0.000000000000000E+00  1.331677467242946E-03  1.085330105236136E-01  2.469777433048183E-01
  22  1.969725765300091E-03 -6.907519900187814E-02  0.000000000000000E+00  9.921210969387997E-01  9.085801426328405E-02  4.388868321874426E-01  2.854386985416216E-02  4.434690853856092E-01  4.434690846243616E-01  6.777399811122554E-03  0.000000000000000E+00  1.382662681934643E-03  1.091660225575428E-01  2.468821666946506E-01
  23  5.426565838292736E-03 -1.903011687110448E-01  0.000000000000000E+00  9.782937366468291E-01  1.468663279012310E-01  4.374284415696277E-01  2.709593249437346E-02  4.482959737569705E-01  4.482959729874372E-01  6.241465593216713E-03  0.000000000000000E+00  1.393858846472474E-03  1.103447999454418E-01  2.468907620624298E-01
  24  1.050516209942684E-02 -3.683995890942432E-01  0.000000000000000E+00  9.579793516022926E-01  1.963606915114574E-01  4.341528619864099E-01  2.558749943702805E-02  4.544146582996899E-01  4.544146575196534E-01  5.863056192466701E-03  0.000000000000000E+00  1.339906162428189E-03  1.119137200149336E-01  2.470513579607184E-01
  25  1.708046265386578E-02 -5.989850859671200E-01  0.000000000000000E+00  9.316781493845370E-01  2.373687970544945E-01  4.284613169082915E-01  2.402004044452771E-02  4.611538388357050E-01  4.611538380441002E-01  5.533162323322495E-03  0.000000000000000E+00  1.220363868013887E-03  1.137037306300910E-01  2.473536729669434E-01
  26  2.499056177979704E-02 -8.763798791275990E-01  0.000000000000000E+00  9.000377528808118E-01  2.684847018269934E-01  4.199630818936709E-01  2.242368170424404E-02  4.679319868904309E-01  4.679319860871909E-01  5.217211172775731E-03  0.000000000000000E+00  1.067897913736153E-03  1.155366560665681E-01  2.477178351865496E-01
  27  3.404068658463744E-02 -1.193753588147922E+00  0.000000000000000E+00  8.638372536614501E-01  2.889422289856738E-01  4.085302978617235E-01  2.086455745836031E-02  4.743019554184802E-01  4.743019546043057E-01  4.910547294752571E-03  0.000000000000000E+00  9.193849324389669E-04  1.172642171494060E-01  2.480616041668941E-01
  28  4.400799296006229E-02 -1.543291419009502E+00  0.000000000000000E+00  8.239680281597508E-01  2.986338333640077E-01  3.942827835125042E-01  1.942388005392447E-02  4.799405622947005E-01  4.799405614708469E-01  4.622159894582097E-03  0.000000000000000E+00  7.974598136676166E-04  1.187835285962696E-01  2.483384196342487E-01
  29  5.464705274352931E-02 -1.916386590267467E+00  0.000000000000000E+00  7.814117890258827E-01  2.980744680426045E-01  3.775225511507453E-01  1.818165658006215E-02  4.845922207194358E-01  4.845922198875973E-01  4.367057739417562E-03  0.000000000000000E+00  7.120973773360145E-04  1.200213188428345E-01  2.485305224720669E-01
  30  6.569589697416943E-02 -2.303852260574087E+00  0.000000000000000E+00  7.372164121033222E-01  2.883151376064620E-01  3.586559640476299E-01  1.721919067594450E-02  4.879943118884086E-01  4.879943110507302E-01  4.163789841815528E-03  0.000000000000000E+00  6.686731060130879E-04  1.209072403003092E-01  2.486297522514692E-01
  31  7.688246643802814E-02 -2.696147739202122E+00  0.000000000000000E+00  6.924701342478874E-01  2.708154875117936E-01  3.381181652099009E-01  1.663415248916089E-02  4.897904391158074E-01  4.897904382750458E-01  4.035289922647026E-03  0.000000000000000E+00  6.750556466746122E-04  1.213452029605819E-01  2.486217459674141E-01
  32  8.793131066882535E-02 -3.083613409514252E+00  0.000000000000000E+00  6.482747573246985E-01  2.472885054371413E-01  3.162949642253224E-01  1.656351123951904E-02  4.894153775081874E-01  4.894153766680696E-01  4.011606733132313E-03  0.000000000000000E+00  7.483578291993030E-04  1.211780440987505E-01  2.484709147589638E-01
  33  9.857037045260279E-02 -3.456708580783102E+00  0.000000000000000E+00  6.057185181895888E-01  2.195328421143307E-01  2.934280992903268E-01  1.721491133657522E-02  4.859186512764392E-01  4.859186504423238E-01  4.132998172605568E-03  0.000000000000000E+00  9.249401762974855E-04  1.201336762344625E-01  2.480965122959254E-01
  34  1.085376768284837E-01 -3.806246411660675E+00  0.000000000000000E+00  5.658492926860652E-01  1.892691652445821E-01  2.694832290793856E-01  1.890674123281074E-02  4.776754607215553E-01  4.776754599015899E-01  4.449820091434444E-03  0.000000000000000E+00  1.279235330250486E-03  1.177343039337865E-01  2.473219571913658E-01
  35  1.175878016339145E-01 -4.123620120701704E+00  0.000000000000000E+00  5.296487934643419E-01  1.579962595369459E-01  2.439563944152553E-01  2.210276120079673E-02  4.619215042249021E-01  4.619215034319796E-01  5.008846170810322E-03  0.000000000000000E+00  1.958959917863873E-03  1.131451234044346E-01  2.457591064643901E-01
  36  1.254979007605560E-01 -4.401014913887090E+00  0.000000000000000E+00  4.980083969577759E-01  1.268803547656701E-01  2.156135306977249E-01  2.737083102852186E-02  4.340978398222147E-01  4.340978390770535E-01  5.801466118361846E-03  0.000000000000000E+00  3.233290254283015E-03  1.049619430593599E-01  2.425517015676526E-01
  37  1.320732013158076E-01 -4.631600410788464E+00  0.000000000000000E+00  4.717071947367696E-01  9.668762777411825E-02  1.822732157538069E-01  3.505233412725697E-02  3.873067597698722E-01  3.873067591050314E-01  6.641420282881370E-03  0.000000000000000E+00  5.450982251063624E-03  9.111492498630949E-02  2.359259304855421E-01
  38  1.371517975778367E-01 -4.809698831203050E+00  0.000000000000000E+00  4.513928096886531E-01  6.776533665808002E-02  1.411108089116804E-01  4.440552621010418E-02  3.131926990716425E-01  3.131926985340240E-01  7.011517254435606E-03  0.000000000000000E+00  8.431480327530334E-03  6.969319008363474E-02  2.230789371304122E-01
  39  1.406086376517847E-01 -4.930924800945718E+00  0.000000000000000E+00  4.375654493928613E-01  4.007205166747778E-02  9.029682812945052E-02  5.312527988522271E-02  2.066164630367850E-01  2.066164626821126E-01  6.100044361570984E-03  0.000000000000000E+00  9.771952127859159E-03  4.180152564423973E-02  2.027048716205461E-01
  40  1.423586026624413E-01 -4.992293334315647E+00  0.000000000000000E+00  4.305655893502349E-01  1.325244223319857E-02  3.122500252512905E-02  5.887453771296297E-02  7.254276913601188E-02  7.254276901148683E-02  2.916326329093949E-03  0.000000000000000E+00  4.998845390971918E-03  1.312604312991239E-02  1.810910589836959E-01
