TOT
VERSION 1.0
Vortex Lattice Output -- Total Forces
STARTG01                                                    
     5      | # surfaces
   118      | # strips
  1270      | # vortices
  8.261345400000000E+02  7.594870000000000E+00  1.157786900000000E+02      | Sref, Cref, Bref
  3.383665524389960E+00  0.000000000000000E+00  0.000000000000000E+00      | Xref, Yref, Zref
Standard axis orientation,  X fwd, Z down         
 -unnamed-                              
  3.858385410686441E-01 -0.000000000000000E+00 -0.000000000000000E+00      | Alpha, pb/2V, p'b/2V
  0.000000000000000E+00  1.426144853291033E-26      | Beta, qc/2V
  0.000000000000000E+00 -0.000000000000000E+00 -0.000000000000000E+00      | Mach, rb/2V, r'b/2V
 -1.999564692227053E-03 -5.582917929645209E-04 -5.345051802894693E-04      | CXtot, Cltot, Cl'tot
 -1.068086862612088E-02  4.582459791398902E-11      | CYtot, Cmtot
 -5.212520282870873E-01  3.530382179851605E-03  3.534061724722565E-03      | CZtot, Cntot, Cn'tot
  5.212267439780564E-01      | CLtot
  5.509683692786795E-03      | CDtot
  0.000000000000000E+00  5.509683692786795E-03      | CDvis, CDind
  5.206431314056145E-01  5.475458670356149E-03 -1.042854982133123E-02  9.715779116400109E-01      | Trefftz Plane: CLff, CDff, CYff, e
CONTROL
     5
  0.000000000000000E+00  inboard_slat    
  0.000000000000000E+00  inboard_flap    
  0.000000000000000E+00  outboard_slat   
  0.000000000000000E+00  outboard_flap   
 -2.013756193858376E+00  elevator        
DESIGN
     0
