TOT
VERSION 1.0
Vortex Lattice Output -- Total Forces
STARTG01                                                    
     5      | # surfaces
   148      | # strips
  2180      | # vortices
  8.315197600000000E+02  7.594870000000000E+00  1.207675200000000E+02      | Sref, Cref, Bref
  3.383665524389960E+00  0.000000000000000E+00  0.000000000000000E+00      | Xref, Yref, Zref
Standard axis orientation,  X fwd, Z down         
 -unnamed-                              
 -2.598018506725282E+00 -0.000000000000000E+00 -0.000000000000000E+00      | Alpha, pb/2V, p'b/2V
  0.000000000000000E+00 -3.108266350157803E-26      | Beta, qc/2V
  0.000000000000000E+00 -0.000000000000000E+00 -0.000000000000000E+00      | Mach, rb/2V, r'b/2V
 -1.203075757319676E-02 -5.789747816241046E-04 -7.359350936912344E-04      | CXtot, Cltot, Cl'tot
 -1.097977850347817E-02 -2.836750463437038E-11      | CYtot, Cmtot
 -2.352758277408590E-01  3.475862346383096E-03  3.446045615866707E-03      | CZtot, Cntot, Cn'tot
  2.355793321341466E-01      | CLtot
  1.353705344900752E-03      | CDtot
  0.000000000000000E+00  1.353705344900752E-03      | CDvis, CDind
  2.354705065133612E-01  1.345745133869898E-03 -1.066461251400130E-02  7.492427589822028E-01      | Trefftz Plane: CLff, CDff, CYff, e
CONTROL
     5
  0.000000000000000E+00  inboard_slat    
  0.000000000000000E+00  inboard_flap    
  0.000000000000000E+00  outboard_slat   
  0.000000000000000E+00  outboard_flap   
  2.671383929464537E+00  elevator        
DESIGN
     0
