STRP
VERSION 1.0
Standard axis orientation,  X fwd, Z down         
  7.148432731628418E+00  1.000000000000000E+01  1.000000000000000E+01      | Sref, Cref, Bref
  0.000000000000000E+00  0.000000000000000E+00  0.000000000000000E+00      | Xref, Yref, Zref
Surface and Strip Forces by surface (referred to Sref,Cref,Bref about Xref,Yref,Zref)
     2      | surfaces
SURFACE
mainWing                                
   1   20   20    1    | Surface #, # Chordwise, # Spanwise, First strip
  3.574216365814209E+00  7.148432731628417E-01   | Surface area Ssurf, Ave. chord Cave
  3.847080514925458E-01 -8.146887268078438E-02 -1.686170494676394E-03 -1.189868099453372E-02  6.819868103267519E-03 -5.462085919581226E-03  6.819868103267519E-03  0.000000000000000E+00   | CLsurf, Clsurf, CYsurf, Cmsurf, CDsurf, Cnsurf, CDisurf, CDvsurf; Forces referred to Sref, Cref, Bref about Xref, Yref, Zref
  7.694161029850914E-01  1.363973620653503E-02   | CL_srf CD_srf; Forces referred to Ssurf, Cave
Strip Forces referred to Strip Area, Chord
j, Xle, Yle, Zle, Chord, Area, c_cl, ai, cl_norm, cl, cd, cdv, cm_c/4, cm_LE, C.P.x/c
   1  1.655725277014032E-04  7.706665666739609E-03  0.000000000000000E+00  9.991209569774577E-01  3.075209231466190E-02  7.364394150443458E-01  5.508718820103206E-02  7.385706936656939E-01  7.385348854005871E-01  1.563648359243824E-02  0.000000000000000E+00 -7.430635890200744E-02 -2.585185394004439E-01  3.506132010429042E-01
   2  1.484034184793816E-03  6.907519900187814E-02  0.000000000000000E+00  9.921210969387997E-01  9.085801426328405E-02  7.354540573723500E-01  5.086242205506036E-02  7.427106295474001E-01  7.426746205649850E-01  1.659244208661352E-02  0.000000000000000E+00 -7.494600065435215E-02 -2.602096157911237E-01  3.509136418278808E-01
   3  4.088492597259504E-03  1.903011687110448E-01  0.000000000000000E+00  9.782937366468291E-01  1.468663279012310E-01  7.320145400921201E-01  4.686227359361660E-02  7.497393827683317E-01  7.497030330095213E-01  1.613437835743566E-02  0.000000000000000E+00 -7.570554094984634E-02 -2.627090154035043E-01  3.509807051812806E-01
   4  7.914817355285316E-03  3.683995890942432E-01  0.000000000000000E+00  9.579793516022926E-01  1.963606915114574E-01  7.251506804194546E-01  4.329346598664748E-02  7.585218127290552E-01  7.584850371700025E-01  1.560192940212925E-02  0.000000000000000E+00 -7.633850228186587E-02 -2.655168737895924E-01  3.506460227174604E-01
   5  1.286879164449022E-02  5.989850859671200E-01  0.000000000000000E+00  9.316781493845370E-01  2.373687970544945E-01  7.141728025815516E-01  4.004341836542897E-02  7.682012733779210E-01  7.681640285277145E-01  1.495726972712739E-02  0.000000000000000E+00 -7.683158039312954E-02 -2.684057787728672E-01  3.500197582024079E-01
   6  1.882843217658290E-02  8.763798791275990E-01  0.000000000000000E+00  9.000377528808118E-01  2.684847018269934E-01  6.986648707254106E-01  3.703748758117589E-02  7.780198483914208E-01  7.779821275053519E-01  1.422818260563383E-02  0.000000000000000E+00 -7.721062606111322E-02 -2.712134750368673E-01  3.492447298354962E-01
   7  2.564699282275865E-02  1.193753588147922E+00  0.000000000000000E+00  8.638372536614501E-01  2.889422289856738E-01  6.785363631055743E-01  3.427818932823665E-02  7.873513127100956E-01  7.873131394048460E-01  1.346779548540909E-02  0.000000000000000E+00 -7.749716376610881E-02 -2.738067224395795E-01  3.484324532227308E-01
   8  3.315657799041283E-02  1.543291419009502E+00  0.000000000000000E+00  8.239680281597508E-01  2.986338333640077E-01  6.540155265364659E-01  3.181795409386482E-02  7.956954360648355E-01  7.956568582098471E-01  1.273372559120494E-02  0.000000000000000E+00 -7.770504052996957E-02 -2.760760730318779E-01  3.476614978280946E-01
   9  4.117227676984404E-02  1.916386590267467E+00  0.000000000000000E+00  7.814117890258827E-01  2.980744680426045E-01  6.255827063377349E-01  2.973589377720925E-02  8.026200335765018E-01  8.025811199949194E-01  1.208199783557385E-02  0.000000000000000E+00 -7.784178188085872E-02 -2.779226660256033E-01  3.469893010707148E-01
  10  4.949671605453491E-02  2.303852260574087E+00  0.000000000000000E+00  7.372164121033222E-01  2.883151376064620E-01  5.938753060042321E-01  2.813569837521902E-02  8.076684327385025E-01  8.076292743944118E-01  1.157022397307659E-02  0.000000000000000E+00 -7.790794224141967E-02 -2.792346087944420E-01  3.464649805442450E-01
  11  5.792492052207800E-02  2.696147739202122E+00  0.000000000000000E+00  6.924701342478874E-01  2.708154875117936E-01  5.595816652660487E-01  2.716152563454951E-02  8.102354785720929E-01  8.101961957694249E-01  1.126561311843863E-02  0.000000000000000E+00 -7.789402831806683E-02 -2.798532033429921E-01  3.461421797890480E-01
  12  6.624935980688725E-02  3.083613409514252E+00  0.000000000000000E+00  6.482747573246985E-01  2.472885054371413E-01  5.233219883113195E-01  2.702927809851691E-02  8.093914407673692E-01  8.093521988863486E-01  1.125582156601529E-02  0.000000000000000E+00 -7.777351060632208E-02 -2.795223523263980E-01  3.460935309910034E-01
  13  7.426505858655232E-02  3.456708580783102E+00  0.000000000000000E+00  6.057185181895888E-01  2.195328421143307E-01  4.855003359461280E-01  2.807569620242002E-02  8.036084605881312E-01  8.035694990844517E-01  1.166071436266896E-02  0.000000000000000E+00 -7.748795318247290E-02 -2.778058394699698E-01  3.464296843904092E-01
  14  8.177464375455008E-02  3.806246411660675E+00  0.000000000000000E+00  5.658492926860652E-01  1.892691652445821E-01  4.460998515659818E-01  3.082907091241296E-02  7.903163251327888E-01  7.902780080742712E-01  1.263758405027734E-02  0.000000000000000E+00 -7.691515255026557E-02 -2.739449865063964E-01  3.473267024571396E-01
  15  8.859320440117067E-02  4.123620120701704E+00  0.000000000000000E+00  5.296487934643419E-01  1.579962595369459E-01  4.043864055983553E-01  3.609491954373738E-02  7.651969406615742E-01  7.651598414710090E-01  1.435334553134471E-02  0.000000000000000E+00 -7.579981039875319E-02 -2.666130747956587E-01  3.490640207319677E-01
  16  9.455284493379848E-02  4.401014913887090E+00  0.000000000000000E+00  4.980083969577759E-01  1.268803547656701E-01  3.585051181538906E-01  4.500401568282218E-02  7.211883444917404E-01  7.211533789784145E-01  1.684897262243050E-02  0.000000000000000E+00 -7.360262701953052E-02 -2.535135401891076E-01  3.520623755847833E-01
  17  9.950681922361564E-02  4.631600410788464E+00  0.000000000000000E+00  4.717071947367696E-01  9.668762777411825E-02  3.050683691079593E-01  5.883632916894282E-02  6.475154050496063E-01  6.474840114355844E-01  1.964703328949440E-02  0.000000000000000E+00 -6.919236973819180E-02 -2.308222276143203E-01  3.568634414381605E-01
  18  1.033331439823158E-01  4.809698831203050E+00  0.000000000000000E+00  4.513928096886531E-01  6.776533665808002E-02  2.391931573956032E-01  7.822007952966033E-02  5.301094363326349E-01  5.300837349347935E-01  2.103856727493928E-02  0.000000000000000E+00 -6.038174626064241E-02 -1.928123121565616E-01  3.639098264693409E-01
  19  1.059376023955012E-01  4.930924800945718E+00  0.000000000000000E+00  4.375654493928613E-01  4.007205166747778E-02  1.560702494116222E-01  1.015100231220379E-01  3.565004203689875E-01  3.564831360904848E-01  1.780754594223792E-02  0.000000000000000E+00 -4.384518702396738E-02 -1.329841594016485E-01  3.729937199970052E-01
  20  1.072560640533411E-01  4.992293334315647E+00  0.000000000000000E+00  4.305655893502349E-01  1.325244223319857E-02  5.495017628142626E-02  1.215000794232817E-01  1.274742605841053E-01  1.274680802249921E-01  7.345654953054664E-03  0.000000000000000E+00 -1.675315999648235E-02 -4.864774439569517E-02  3.814302370202138E-01
SURFACE
mainWing (YDUP)                         
   2   20   20   21    | Surface #, # Chordwise, # Spanwise, First strip
  3.574216365814209E+00  7.148432731628417E-01   | Surface area Ssurf, Ave. chord Cave
  3.847080514925459E-01  8.146887268078441E-02  1.686170494676395E-03 -1.189868099453373E-02  6.819868103267526E-03  5.462085919581223E-03  6.819868103267526E-03  0.000000000000000E+00   | CLsurf, Clsurf, CYsurf, Cmsurf, CDsurf, Cnsurf, CDisurf, CDvsurf; Forces referred to Sref, Cref, Bref about Xref, Yref, Zref
  7.694161029850919E-01  1.363973620653506E-02   | CL_srf CD_srf; Forces referred to Ssurf, Cave
Strip Forces referred to Strip Area, Chord
j, Xle, Yle, Zle, Chord, Area, c_cl, ai, cl_norm, cl, cd, cdv, cm_c/4, cm_LE, C.P.x/c
  21  1.655725277014032E-04 -7.706665666739609E-03  0.000000000000000E+00  9.991209569774577E-01  3.075209231466190E-02  7.364394150443461E-01  5.508718820103069E-02  7.385706936656939E-01  7.385348854005871E-01  1.563648359243833E-02  0.000000000000000E+00 -7.430635890200757E-02  2.585185394004440E-01  3.506132010429043E-01
  22  1.484034184793816E-03 -6.907519900187814E-02  0.000000000000000E+00  9.921210969387997E-01  9.085801426328405E-02  7.354540573723501E-01  5.086242205505928E-02  7.427106295474001E-01  7.426746205649850E-01  1.659244208661348E-02  0.000000000000000E+00 -7.494600065435220E-02  2.602096157911237E-01  3.509136418278808E-01
  23  4.088492597259504E-03 -1.903011687110448E-01  0.000000000000000E+00  9.782937366468291E-01  1.468663279012310E-01  7.320145400921199E-01  4.686227359361694E-02  7.497393827683314E-01  7.497030330095210E-01  1.613437835743551E-02  0.000000000000000E+00 -7.570554094984625E-02  2.627090154035041E-01  3.509807051812805E-01
  24  7.914817355285316E-03 -3.683995890942432E-01  0.000000000000000E+00  9.579793516022926E-01  1.963606915114574E-01  7.251506804194551E-01  4.329346598664751E-02  7.585218127290554E-01  7.584850371700027E-01  1.560192940212942E-02  0.000000000000000E+00 -7.633850228186584E-02  2.655168737895925E-01  3.506460227174603E-01
  25  1.286879164449022E-02 -5.989850859671200E-01  0.000000000000000E+00  9.316781493845370E-01  2.373687970544945E-01  7.141728025815515E-01  4.004341836542887E-02  7.682012733779212E-01  7.681640285277147E-01  1.495726972712743E-02  0.000000000000000E+00 -7.683158039312940E-02  2.684057787728671E-01  3.500197582024077E-01
  26  1.882843217658290E-02 -8.763798791275990E-01  0.000000000000000E+00  9.000377528808118E-01  2.684847018269934E-01  6.986648707254104E-01  3.703748758117534E-02  7.780198483914206E-01  7.779821275053517E-01  1.422818260563360E-02  0.000000000000000E+00 -7.721062606111326E-02  2.712134750368673E-01  3.492447298354963E-01
  27  2.564699282275865E-02 -1.193753588147922E+00  0.000000000000000E+00  8.638372536614501E-01  2.889422289856738E-01  6.785363631055741E-01  3.427818932823666E-02  7.873513127100957E-01  7.873131394048462E-01  1.346779548540911E-02  0.000000000000000E+00 -7.749716376610881E-02  2.738067224395795E-01  3.484324532227308E-01
  28  3.315657799041283E-02 -1.543291419009502E+00  0.000000000000000E+00  8.239680281597508E-01  2.986338333640077E-01  6.540155265364658E-01  3.181795409386495E-02  7.956954360648354E-01  7.956568582098470E-01  1.273372559120492E-02  0.000000000000000E+00 -7.770504052996954E-02  2.760760730318779E-01  3.476614978280946E-01
  29  4.117227676984404E-02 -1.916386590267467E+00  0.000000000000000E+00  7.814117890258827E-01  2.980744680426045E-01  6.255827063377351E-01  2.973589377720893E-02  8.026200335765021E-01  8.025811199949198E-01  1.208199783557392E-02  0.000000000000000E+00 -7.784178188085868E-02  2.779226660256033E-01  3.469893010707147E-01
  30  4.949671605453491E-02 -2.303852260574087E+00  0.000000000000000E+00  7.372164121033222E-01  2.883151376064620E-01  5.938753060042326E-01  2.813569837521931E-02  8.076684327385030E-01  8.076292743944122E-01  1.157022397307665E-02  0.000000000000000E+00 -7.790794224141967E-02  2.792346087944421E-01  3.464649805442450E-01
  31  5.792492052207800E-02 -2.696147739202122E+00  0.000000000000000E+00  6.924701342478874E-01  2.708154875117936E-01  5.595816652660491E-01  2.716152563454969E-02  8.102354785720933E-01  8.101961957694254E-01  1.126561311843862E-02  0.000000000000000E+00 -7.789402831806673E-02  2.798532033429921E-01  3.461421797890479E-01
  32  6.624935980688725E-02 -3.083613409514252E+00  0.000000000000000E+00  6.482747573246985E-01  2.472885054371413E-01  5.233219883113199E-01  2.702927809851690E-02  8.093914407673696E-01  8.093521988863489E-01  1.125582156601539E-02  0.000000000000000E+00 -7.777351060632208E-02  2.795223523263982E-01  3.460935309910034E-01
  33  7.426505858655232E-02 -3.456708580783102E+00  0.000000000000000E+00  6.057185181895888E-01  2.195328421143307E-01  4.855003359461283E-01  2.807569620242012E-02  8.036084605881317E-01  8.035694990844523E-01  1.166071436266903E-02  0.000000000000000E+00 -7.748795318247299E-02  2.778058394699700E-01  3.464296843904092E-01
  34  8.177464375455008E-02 -3.806246411660675E+00  0.000000000000000E+00  5.658492926860652E-01  1.892691652445821E-01  4.460998515659819E-01  3.082907091241300E-02  7.903163251327892E-01  7.902780080742715E-01  1.263758405027741E-02  0.000000000000000E+00 -7.691515255026549E-02  2.739449865063964E-01  3.473267024571395E-01
  35  8.859320440117067E-02 -4.123620120701704E+00  0.000000000000000E+00  5.296487934643419E-01  1.579962595369459E-01  4.043864055983551E-01  3.609491954373734E-02  7.651969406615742E-01  7.651598414710090E-01  1.435334553134470E-02  0.000000000000000E+00 -7.579981039875316E-02  2.666130747956587E-01  3.490640207319677E-01
  36  9.455284493379848E-02 -4.401014913887090E+00  0.000000000000000E+00  4.980083969577759E-01  1.268803547656701E-01  3.585051181538905E-01  4.500401568282184E-02  7.211883444917401E-01  7.211533789784141E-01  1.684897262243044E-02  0.000000000000000E+00 -7.360262701953053E-02  2.535135401891075E-01  3.520623755847834E-01
  37  9.950681922361564E-02 -4.631600410788464E+00  0.000000000000000E+00  4.717071947367696E-01  9.668762777411825E-02  3.050683691079595E-01  5.883632916894289E-02  6.475154050496066E-01  6.474840114355848E-01  1.964703328949442E-02  0.000000000000000E+00 -6.919236973819197E-02  2.308222276143205E-01  3.568634414381607E-01
  38  1.033331439823158E-01 -4.809698831203050E+00  0.000000000000000E+00  4.513928096886531E-01  6.776533665808002E-02  2.391931573956034E-01  7.822007952966067E-02  5.301094363326354E-01  5.300837349347941E-01  2.103856727493940E-02  0.000000000000000E+00 -6.038174626064256E-02  1.928123121565618E-01  3.639098264693410E-01
  39  1.059376023955012E-01 -4.930924800945718E+00  0.000000000000000E+00  4.375654493928613E-01  4.007205166747778E-02  1.560702494116223E-01  1.015100231220376E-01  3.565004203689876E-01  3.564831360904849E-01  1.780754594223792E-02  0.000000000000000E+00 -4.384518702396741E-02  1.329841594016486E-01  3.729937199970053E-01
  40  1.072560640533411E-01 -4.992293334315647E+00  0.000000000000000E+00  4.305655893502349E-01  1.325244223319857E-02  5.495017628142630E-02  1.215000794232817E-01  1.274742605841053E-01  1.274680802249922E-01  7.345654953054682E-03  0.000000000000000E+00 -1.675315999648234E-02  4.864774439569518E-02  3.814302370202137E-01
