TOT
VERSION 1.0
Vortex Lattice Output -- Total Forces
TestPlane                                                   
     2      | # surfaces
    50      | # strips
   500      | # vortices
  3.941387659578939E+00  7.882775319157879E-01  5.000000000000000E+00      | Sref, Cref, Bref
  0.000000000000000E+00  0.000000000000000E+00  0.000000000000000E+00      | Xref, Yref, Zref
Standard axis orientation,  X fwd, Z down         
 -unnamed-                              
  0.000000000000000E+00 -0.000000000000000E+00 -0.000000000000000E+00      | Alpha, pb/2V, p'b/2V
  0.000000000000000E+00  0.000000000000000E+00      | Beta, qc/2V
  0.000000000000000E+00 -0.000000000000000E+00 -0.000000000000000E+00      | Mach, rb/2V, r'b/2V
 -3.485344605120596E-03 -6.938893903907228E-18 -6.938893903907228E-18      | CXtot, Cltot, Cl'tot
  1.084202172485504E-19 -1.781218618426155E-01      | CYtot, Cmtot
 -2.630933276841465E-01  1.084202172485504E-19  1.084202172485504E-19      | CZtot, Cntot, Cn'tot
  2.630933276841465E-01      | CLtot
  3.485344605120596E-03      | CDtot
  0.000000000000000E+00  3.485344605120596E-03      | CDvis, CDind
  2.630933276841464E-01  3.477437402076337E-03  0.000000000000000E+00  9.988944918680983E-01      | Trefftz Plane: CLff, CDff, CYff, e
CONTROL
     0
DESIGN
     0
