TOT
VERSION 1.0
Vortex Lattice Output -- Total Forces
STARTG01                                                    
     5      | # surfaces
   148      | # strips
  2180      | # vortices
  8.315197600000000E+02  7.594870000000000E+00  1.207675200000000E+02      | Sref, Cref, Bref
  3.383665524389960E+00  0.000000000000000E+00  0.000000000000000E+00      | Xref, Yref, Zref
Standard axis orientation,  X fwd, Z down         
 -unnamed-                              
 -1.755891848551766E+01 -0.000000000000000E+00 -0.000000000000000E+00      | Alpha, pb/2V, p'b/2V
  0.000000000000000E+00  1.438705851563443E-25      | Beta, qc/2V
  0.000000000000000E+00 -0.000000000000000E+00 -0.000000000000000E+00      | Mach, rb/2V, r'b/2V
 -2.059102758292621E-01 -9.469198721585681E-04 -2.222338401349843E-03      | CXtot, Cltot, Cl'tot
 -1.364397216674891E-02 -5.412287907343577E-10      | CYtot, Cmtot
 -4.780022196040468E-01  4.373873976975130E-03  3.884410230734501E-03      | CZtot, Cntot, Cn'tot
  5.178510926571798E-01      | CLtot
  5.210959098134570E-02      | CDtot
  0.000000000000000E+00  5.210959098134570E-02      | CDvis, CDind
  5.000390641637621E-01  5.496661689883151E-02 -1.174927769689333E-02  8.259827378598110E-02      | Trefftz Plane: CLff, CDff, CYff, e
CONTROL
     5
  0.000000000000000E+00  inboard_slat    
  4.500000000000000E+01  inboard_flap    
  0.000000000000000E+00  outboard_slat   
  4.500000000000000E+01  outboard_flap   
  1.929694498417620E+01  elevator        
DESIGN
     0
